{"/Users/smarthaus/challenge/nuber-eats/day11-12/src/jwt/jwt.service.ts": {"path":"/Users/smarthaus/challenge/nuber-eats/day11-12/src/jwt/jwt.service.ts","statementMap":{"0":{"start":{"line":1,"column":0},"end":{"line":1,"column":52}},"1":{"start":{"line":2,"column":0},"end":{"line":2,"column":36}},"2":{"start":{"line":4,"column":0},"end":{"line":4,"column":49}},"3":{"start":{"line":7,"column":0},"end":{"line":19,"column":null}},"4":{"start":{"line":9,"column":45},"end":{"line":9,"column":70}},"5":{"start":{"line":13,"column":4},"end":{"line":13,"column":61}},"6":{"start":{"line":17,"column":4},"end":{"line":17,"column":54}},"7":{"start":{"line":7,"column":13},"end":{"line":19,"column":null}},"8":{"start":{"line":7,"column":13},"end":{"line":7,"column":23}}},"fnMap":{"0":{"name":"(anonymous_4)","decl":{"start":{"line":8,"column":2},"end":{"line":8,"column":null}},"loc":{"start":{"line":9,"column":70},"end":{"line":10,"column":6}}},"1":{"name":"(anonymous_5)","decl":{"start":{"line":12,"column":2},"end":{"line":12,"column":6}},"loc":{"start":{"line":12,"column":21},"end":{"line":14,"column":3}}},"2":{"name":"(anonymous_6)","decl":{"start":{"line":16,"column":2},"end":{"line":16,"column":8}},"loc":{"start":{"line":16,"column":22},"end":{"line":18,"column":3}}}},"branchMap":{},"s":{"0":2,"1":2,"2":2,"3":2,"4":2,"5":1,"6":1,"7":2,"8":2},"f":{"0":2,"1":1,"2":1},"b":{}}
,"/Users/smarthaus/challenge/nuber-eats/day11-12/src/users/users.service.ts": {"path":"/Users/smarthaus/challenge/nuber-eats/day11-12/src/users/users.service.ts","statementMap":{"0":{"start":{"line":1,"column":0},"end":{"line":1,"column":44}},"1":{"start":{"line":2,"column":0},"end":{"line":2,"column":46}},"2":{"start":{"line":8,"column":0},"end":{"line":8,"column":51}},"3":{"start":{"line":9,"column":0},"end":{"line":9,"column":37}},"4":{"start":{"line":10,"column":0},"end":{"line":10,"column":48}},"5":{"start":{"line":15,"column":0},"end":{"line":129,"column":null}},"6":{"start":{"line":18,"column":21},"end":{"line":18,"column":28}},"7":{"start":{"line":19,"column":21},"end":{"line":19,"column":33}},"8":{"start":{"line":27,"column":4},"end":{"line":51,"column":null}},"9":{"start":{"line":28,"column":21},"end":{"line":28,"column":56}},"10":{"start":{"line":30,"column":6},"end":{"line":32,"column":null}},"11":{"start":{"line":31,"column":8},"end":{"line":31,"column":79}},"12":{"start":{"line":34,"column":19},"end":{"line":38,"column":8}},"13":{"start":{"line":40,"column":6},"end":{"line":40,"column":34}},"14":{"start":{"line":42,"column":6},"end":{"line":45,"column":8}},"15":{"start":{"line":47,"column":6},"end":{"line":50,"column":8}},"16":{"start":{"line":54,"column":4},"end":{"line":84,"column":null}},"17":{"start":{"line":55,"column":19},"end":{"line":57,"column":null}},"18":{"start":{"line":60,"column":6},"end":{"line":62,"column":null}},"19":{"start":{"line":61,"column":8},"end":{"line":61,"column":54}},"20":{"start":{"line":64,"column":30},"end":{"line":64,"column":64}},"21":{"start":{"line":66,"column":6},"end":{"line":71,"column":null}},"22":{"start":{"line":67,"column":8},"end":{"line":70,"column":10}},"23":{"start":{"line":73,"column":20},"end":{"line":73,"column":49}},"24":{"start":{"line":75,"column":6},"end":{"line":78,"column":8}},"25":{"start":{"line":80,"column":6},"end":{"line":83,"column":8}},"26":{"start":{"line":88,"column":4},"end":{"line":99,"column":null}},"27":{"start":{"line":89,"column":19},"end":{"line":89,"column":57}},"28":{"start":{"line":90,"column":6},"end":{"line":93,"column":8}},"29":{"start":{"line":95,"column":6},"end":{"line":98,"column":8}},"30":{"start":{"line":106,"column":4},"end":{"line":127,"column":null}},"31":{"start":{"line":107,"column":19},"end":{"line":107,"column":51}},"32":{"start":{"line":109,"column":6},"end":{"line":111,"column":null}},"33":{"start":{"line":110,"column":8},"end":{"line":110,"column":27}},"34":{"start":{"line":113,"column":6},"end":{"line":115,"column":null}},"35":{"start":{"line":114,"column":8},"end":{"line":114,"column":33}},"36":{"start":{"line":117,"column":6},"end":{"line":117,"column":34}},"37":{"start":{"line":119,"column":6},"end":{"line":121,"column":8}},"38":{"start":{"line":123,"column":6},"end":{"line":126,"column":8}},"39":{"start":{"line":15,"column":13},"end":{"line":129,"column":null}},"40":{"start":{"line":15,"column":13},"end":{"line":15,"column":25}}},"fnMap":{"0":{"name":"(anonymous_4)","decl":{"start":{"line":16,"column":2},"end":{"line":16,"column":null}},"loc":{"start":{"line":19,"column":43},"end":{"line":20,"column":6}}},"1":{"name":"(anonymous_5)","decl":{"start":{"line":22,"column":2},"end":{"line":22,"column":7}},"loc":{"start":{"line":26,"column":23},"end":{"line":52,"column":3}}},"2":{"name":"(anonymous_6)","decl":{"start":{"line":53,"column":2},"end":{"line":53,"column":7}},"loc":{"start":{"line":53,"column":45},"end":{"line":85,"column":3}}},"3":{"name":"(anonymous_7)","decl":{"start":{"line":87,"column":2},"end":{"line":87,"column":7}},"loc":{"start":{"line":87,"column":27},"end":{"line":100,"column":3}}},"4":{"name":"(anonymous_8)","decl":{"start":{"line":102,"column":2},"end":{"line":102,"column":7}},"loc":{"start":{"line":104,"column":41},"end":{"line":128,"column":3}}}},"branchMap":{"0":{"loc":{"start":{"line":30,"column":6},"end":{"line":32,"column":null}},"type":"if","locations":[{"start":{"line":30,"column":6},"end":{"line":32,"column":null}},{"start":{"line":30,"column":6},"end":{"line":32,"column":null}}]},"1":{"loc":{"start":{"line":60,"column":6},"end":{"line":62,"column":null}},"type":"if","locations":[{"start":{"line":60,"column":6},"end":{"line":62,"column":null}},{"start":{"line":60,"column":6},"end":{"line":62,"column":null}}]},"2":{"loc":{"start":{"line":66,"column":6},"end":{"line":71,"column":null}},"type":"if","locations":[{"start":{"line":66,"column":6},"end":{"line":71,"column":null}},{"start":{"line":66,"column":6},"end":{"line":71,"column":null}}]},"3":{"loc":{"start":{"line":109,"column":6},"end":{"line":111,"column":null}},"type":"if","locations":[{"start":{"line":109,"column":6},"end":{"line":111,"column":null}},{"start":{"line":109,"column":6},"end":{"line":111,"column":null}}]},"4":{"loc":{"start":{"line":113,"column":6},"end":{"line":115,"column":null}},"type":"if","locations":[{"start":{"line":113,"column":6},"end":{"line":115,"column":null}},{"start":{"line":113,"column":6},"end":{"line":115,"column":null}}]}},"s":{"0":1,"1":1,"2":1,"3":1,"4":1,"5":1,"6":13,"7":13,"8":3,"9":3,"10":2,"11":1,"12":1,"13":1,"14":1,"15":1,"16":4,"17":4,"18":3,"19":1,"20":2,"21":2,"22":1,"23":1,"24":1,"25":1,"26":2,"27":2,"28":1,"29":1,"30":3,"31":3,"32":3,"33":2,"34":2,"35":1,"36":2,"37":2,"38":1,"39":1,"40":1},"f":{"0":13,"1":3,"2":4,"3":2,"4":3},"b":{"0":[1,1],"1":[1,2],"2":[1,1],"3":[2,1],"4":[1,1]}}
}
