TN:
SF:src/jwt/jwt.service.ts
FN:8,(anonymous_4)
FN:12,(anonymous_5)
FN:16,(anonymous_6)
FNF:3
FNH:3
FNDA:2,(anonymous_4)
FNDA:1,(anonymous_5)
FNDA:1,(anonymous_6)
DA:1,2
DA:2,2
DA:4,2
DA:7,2
DA:9,2
DA:13,1
DA:17,1
LF:7
LH:7
BRF:0
BRH:0
end_of_record
TN:
SF:src/users/users.service.ts
FN:16,(anonymous_4)
FN:22,(anonymous_5)
FN:53,(anonymous_6)
FN:87,(anonymous_7)
FN:102,(anonymous_8)
FNF:5
FNH:5
FNDA:13,(anonymous_4)
FNDA:3,(anonymous_5)
FNDA:4,(anonymous_6)
FNDA:2,(anonymous_7)
FNDA:3,(anonymous_8)
DA:1,1
DA:2,1
DA:8,1
DA:9,1
DA:10,1
DA:15,1
DA:18,13
DA:19,13
DA:27,3
DA:28,3
DA:30,2
DA:31,1
DA:34,1
DA:40,1
DA:42,1
DA:47,1
DA:54,4
DA:55,4
DA:60,3
DA:61,1
DA:64,2
DA:66,2
DA:67,1
DA:73,1
DA:75,1
DA:80,1
DA:88,2
DA:89,2
DA:90,1
DA:95,1
DA:106,3
DA:107,3
DA:109,3
DA:110,2
DA:113,2
DA:114,1
DA:117,2
DA:119,2
DA:123,1
LF:39
LH:39
BRDA:30,0,0,1
BRDA:30,0,1,1
BRDA:60,1,0,1
BRDA:60,1,1,2
BRDA:66,2,0,1
BRDA:66,2,1,1
BRDA:109,3,0,2
BRDA:109,3,1,1
BRDA:113,4,0,1
BRDA:113,4,1,1
BRF:10
BRH:10
end_of_record
