TN:
SF:src/jwt/jwt.service.ts
FN:8,(anonymous_4)
FN:12,(anonymous_5)
FN:16,(anonymous_6)
FNF:3
FNH:3
FNDA:2,(anonymous_4)
FNDA:1,(anonymous_5)
FNDA:1,(anonymous_6)
DA:1,2
DA:2,2
DA:4,2
DA:7,2
DA:9,2
DA:13,1
DA:17,1
LF:7
LH:7
BRF:0
BRH:0
end_of_record
TN:
SF:src/podcast/podcasts.service.ts
FN:27,(anonymous_5)
FN:39,(anonymous_6)
FN:52,(anonymous_7)
FN:69,(anonymous_8)
FN:91,(anonymous_9)
FN:105,(anonymous_10)
FN:131,(anonymous_11)
FN:147,(anonymous_12)
FN:156,(anonymous_13)
FN:173,(anonymous_14)
FN:196,(anonymous_15)
FN:216,(anonymous_16)
FNF:12
FNH:0
FNDA:0,(anonymous_5)
FNDA:0,(anonymous_6)
FNDA:0,(anonymous_7)
FNDA:0,(anonymous_8)
FNDA:0,(anonymous_9)
FNDA:0,(anonymous_10)
FNDA:0,(anonymous_11)
FNDA:0,(anonymous_12)
FNDA:0,(anonymous_13)
FNDA:0,(anonymous_14)
FNDA:0,(anonymous_15)
FNDA:0,(anonymous_16)
DA:1,0
DA:12,0
DA:13,0
DA:22,0
DA:23,0
DA:26,0
DA:29,0
DA:31,0
DA:34,0
DA:40,0
DA:41,0
DA:42,0
DA:47,0
DA:48,0
DA:56,0
DA:57,0
DA:58,0
DA:59,0
DA:64,0
DA:65,0
DA:70,0
DA:71,0
DA:75,0
DA:76,0
DA:81,0
DA:86,0
DA:87,0
DA:92,0
DA:93,0
DA:94,0
DA:95,0
DA:97,0
DA:98,0
DA:100,0
DA:101,0
DA:109,0
DA:110,0
DA:111,0
DA:112,0
DA:114,0
DA:115,0
DA:116,0
DA:122,0
DA:123,0
DA:124,0
DA:126,0
DA:127,0
DA:132,0
DA:133,0
DA:134,0
DA:135,0
DA:137,0
DA:142,0
DA:143,0
DA:151,0
DA:152,0
DA:153,0
DA:154,0
DA:156,0
DA:157,0
DA:158,0
DA:163,0
DA:168,0
DA:169,0
DA:178,0
DA:179,0
DA:180,0
DA:181,0
DA:183,0
DA:184,0
DA:185,0
DA:186,0
DA:191,0
DA:192,0
DA:200,0
DA:201,0
DA:205,0
DA:206,0
DA:208,0
DA:209,0
DA:211,0
DA:212,0
DA:218,0
DA:219,0
DA:221,0
DA:222,0
DA:226,0
DA:227,0
DA:229,0
DA:230,0
DA:231,0
DA:233,0
DA:234,0
LF:93
LH:0
BRDA:75,0,0,0
BRDA:75,0,1,0
BRDA:94,1,0,0
BRDA:94,1,1,0
BRDA:111,2,0,0
BRDA:111,2,1,0
BRDA:114,3,0,0
BRDA:114,3,1,0
BRDA:115,4,0,0
BRDA:115,4,1,0
BRDA:115,5,0,0
BRDA:115,5,1,0
BRDA:134,6,0,0
BRDA:134,6,1,0
BRDA:153,7,0,0
BRDA:153,7,1,0
BRDA:157,8,0,0
BRDA:157,8,1,0
BRDA:180,9,0,0
BRDA:180,9,1,0
BRDA:205,10,0,0
BRDA:205,10,1,0
BRDA:226,11,0,0
BRDA:226,11,1,0
BRF:24
BRH:0
end_of_record
TN:
SF:src/users/users.service.ts
FN:16,(anonymous_4)
FN:22,(anonymous_5)
FN:53,(anonymous_6)
FN:87,(anonymous_7)
FN:102,(anonymous_8)
FNF:5
FNH:5
FNDA:13,(anonymous_4)
FNDA:3,(anonymous_5)
FNDA:4,(anonymous_6)
FNDA:2,(anonymous_7)
FNDA:3,(anonymous_8)
DA:1,1
DA:2,1
DA:8,1
DA:9,1
DA:10,1
DA:15,1
DA:18,13
DA:19,13
DA:27,3
DA:28,3
DA:30,2
DA:31,1
DA:34,1
DA:40,1
DA:42,1
DA:47,1
DA:54,4
DA:55,4
DA:60,3
DA:61,1
DA:64,2
DA:66,2
DA:67,1
DA:73,1
DA:75,1
DA:80,1
DA:88,2
DA:89,2
DA:90,1
DA:95,1
DA:106,3
DA:107,3
DA:109,3
DA:110,2
DA:113,2
DA:114,1
DA:117,2
DA:119,2
DA:123,1
LF:39
LH:39
BRDA:30,0,0,1
BRDA:30,0,1,1
BRDA:60,1,0,1
BRDA:60,1,1,2
BRDA:66,2,0,1
BRDA:66,2,1,1
BRDA:109,3,0,2
BRDA:109,3,1,1
BRDA:113,4,0,1
BRDA:113,4,1,1
BRF:10
BRH:10
end_of_record
